<?xml version="1.0" encoding="UTF-8"?>
<!-- Generated by org.testng.reporters.JUnitReportReporter -->
<testsuite skipped="0" hostname="VR" name="testcases.TestCase1" tests="1" failures="0" timestamp="14 Apr 2020 16:59:34 GMT" time="37.726" errors="0">
  <testcase name="womenCoatAndJackets" time="37.726" classname="testcases.TestCase1"/>
</testsuite> <!-- testcases.TestCase1 -->
